Using pre-set license
Built from '2020.3/staging' branch; Version is '2020.3.30f1 (1fb1bf06830e) revision 2077119'; Using compiler version '192528614'; Build Type 'Release'
OS: 'Windows 11  (10.0.22631) 64bit Core' Language: 'ja' Physical Memory: 16104 MB
BatchMode: 1, IsHumanControllingUs: 0, StartBugReporterOnCrash: 0, Is64bit: 1, IsPro: 0

COMMAND LINE ARGUMENTS:
D:\unity\2020.3.30f1\Editor\Unity.exe
-adb2
-batchMode
-noUpm
-name
AssetImportWorker0
-projectPath
C:/Users/NawNa/OneDrive/ドキュメント/GitHub/FL1/FL1
-logFile
Logs/AssetImportWorker0.log
-srvPort
2487
Successfully changed project path to: C:/Users/NawNa/OneDrive/ドキュメント/GitHub/FL1/FL1
C:/Users/NawNa/OneDrive/ドキュメント/GitHub/FL1/FL1
Using Asset Import Pipeline V2.
Refreshing native plugins compatible for Editor in 33.55 ms, found 2 plugins.
Preloading 0 native plugins for Editor in 0.00 ms.
Initialize engine version: 2020.3.30f1 (1fb1bf06830e)
[Subsystems] Discovering subsystems at path D:/unity/2020.3.30f1/Editor/Data/Resources/UnitySubsystems
[Subsystems] Discovering subsystems at path C:/Users/NawNa/OneDrive/ドキュメント/GitHub/FL1/FL1/Assets
GfxDevice: creating device client; threaded=0
Direct3D:
    Version:  Direct3D 11.0 [level 11.1]
    Renderer: NVIDIA GeForce RTX 4050 Laptop GPU (ID=0x28a1)
    Vendor:   
    VRAM:     5921 MB
    Driver:   32.0.15.6614
Initialize mono
Mono path[0] = 'D:/unity/2020.3.30f1/Editor/Data/Managed'
Mono path[1] = 'D:/unity/2020.3.30f1/Editor/Data/MonoBleedingEdge/lib/mono/unityjit'
Mono config path = 'D:/unity/2020.3.30f1/Editor/Data/MonoBleedingEdge/etc'
Using monoOptions --debugger-agent=transport=dt_socket,embedding=1,server=y,suspend=n,address=127.0.0.1:56228
Begin MonoManager ReloadAssembly
Registering precompiled unity dll's ...
Register platform support module: D:/unity/2020.3.30f1/Editor/Data/PlaybackEngines/WindowsStandaloneSupport/UnityEditor.WindowsStandalone.Extensions.dll
Registered in 0.000757 seconds.
Native extension for WindowsStandalone target not found
Refreshing native plugins compatible for Editor in 31.26 ms, found 2 plugins.
Preloading 0 native plugins for Editor in 0.00 ms.
Mono: successfully reloaded assembly
- Completed reload, in  0.395 seconds
Domain Reload Profiling:
	ReloadAssembly (395ms)
		BeginReloadAssembly (41ms)
			ExecutionOrderSort (0ms)
			DisableScriptedObjects (0ms)
			BackupInstance (0ms)
			ReleaseScriptingObjects (0ms)
			CreateAndSetChildDomain (1ms)
		EndReloadAssembly (307ms)
			LoadAssemblies (41ms)
			RebuildTransferFunctionScriptingTraits (0ms)
			SetupTypeCache (101ms)
			ReleaseScriptCaches (0ms)
			RebuildScriptCaches (19ms)
			SetupLoadedEditorAssemblies (117ms)
				LogAssemblyErrors (0ms)
				InitializePlatformSupportModulesInManaged (3ms)
				SetLoadedEditorAssemblies (0ms)
				RefreshPlugins (31ms)
				BeforeProcessingInitializeOnLoad (9ms)
				ProcessInitializeOnLoadAttributes (56ms)
				ProcessInitializeOnLoadMethodAttributes (18ms)
				AfterProcessingInitializeOnLoad (0ms)
				EditorAssembliesLoaded (0ms)
			ExecutionOrderSort2 (0ms)
			AwakeInstancesAfterBackupRestoration (0ms)
Platform modules already initialized, skipping
Registering precompiled user dll's ...
Registered in 0.004650 seconds.
Begin MonoManager ReloadAssembly
Native extension for WindowsStandalone target not found
Refreshing native plugins compatible for Editor in 0.48 ms, found 2 plugins.
Preloading 0 native plugins for Editor in 0.00 ms.
Mono: successfully reloaded assembly
- Completed reload, in  0.832 seconds
Domain Reload Profiling:
	ReloadAssembly (832ms)
		BeginReloadAssembly (99ms)
			ExecutionOrderSort (0ms)
			DisableScriptedObjects (3ms)
			BackupInstance (0ms)
			ReleaseScriptingObjects (0ms)
			CreateAndSetChildDomain (16ms)
		EndReloadAssembly (690ms)
			LoadAssemblies (74ms)
			RebuildTransferFunctionScriptingTraits (0ms)
			SetupTypeCache (211ms)
			ReleaseScriptCaches (0ms)
			RebuildScriptCaches (33ms)
			SetupLoadedEditorAssemblies (321ms)
				LogAssemblyErrors (0ms)
				InitializePlatformSupportModulesInManaged (3ms)
				SetLoadedEditorAssemblies (0ms)
				RefreshPlugins (1ms)
				BeforeProcessingInitializeOnLoad (52ms)
				ProcessInitializeOnLoadAttributes (238ms)
				ProcessInitializeOnLoadMethodAttributes (26ms)
				AfterProcessingInitializeOnLoad (1ms)
				EditorAssembliesLoaded (0ms)
			ExecutionOrderSort2 (0ms)
			AwakeInstancesAfterBackupRestoration (4ms)
Platform modules already initialized, skipping
========================================================================
Worker process is ready to serve import requests
Launched and connected shader compiler UnityShaderCompiler.exe after 0.03 seconds
Refreshing native plugins compatible for Editor in 0.49 ms, found 2 plugins.
Preloading 0 native plugins for Editor in 0.00 ms.
Unloading 1676 Unused Serialized files (Serialized files now loaded: 0)
System memory in use before: 77.9 MB.
System memory in use after: 78.0 MB.

Unloading 40 unused Assets to reduce memory usage. Loaded Objects now: 2153.
Total: 11.836300 ms (FindLiveObjects: 0.117500 ms CreateObjectMapping: 0.037800 ms MarkObjects: 11.598100 ms  DeleteObjects: 0.081500 ms)

AssetImportParameters requested are different than current active one (requested -> active):
  custom:framework-win-MediaFoundation: 216162199b28c13a410421893ffa2e32 -> 
  custom:video-decoder-ogg-theora: a1e56fd34408186e4bbccfd4996cb3dc -> 
  custom:container-muxer-webm: aa71ff27fc2769a1b78a27578f13a17b -> 
  custom:container-demuxer-webm: 4f35f7cbe854078d1ac9338744f61a02 -> 
  custom:container-demuxer-ogg: 62fdf1f143b41e24485cea50d1cbac27 -> 
  custom:video-encoder-webm-vp8: eb34c28f22e8b96e1ab97ce403110664 -> 
  custom:video-codec-MediaFoundation-h265: 746d11721c4dcdbdad8f713fa42b33f4 -> 
  custom:video-decoder-webm-vp8: 9c59270c3fd7afecdb556c50c9e8de78 -> 
  custom:audio-decoder-ogg-vorbis: bf7c407c2cedff20999df2af8eb42d56 -> 
  custom:audio-encoder-webm-vorbis: bf7c407c2cedff20999df2af8eb42d56 -> 
========================================================================
Received Import Request.
  path: Assets/D20/D6.fbx
  artifactKey: Guid(c4a7f116f8ba8b648986e640ed934b41) Importer(815301076,1909f56bfc062723c751e8b465ee728b)
Start importing Assets/D20/D6.fbx using Guid(c4a7f116f8ba8b648986e640ed934b41) Importer(815301076,1909f56bfc062723c751e8b465ee728b)  -> (artifact id: '272f95eef292bc3baadf3b22faddf5f5') in 0.143678 seconds 
========================================================================
Received Import Request.
  Time since last request: 94.427000 seconds.
  path: Assets/D20/D6.fbx
  artifactKey: Guid(c4a7f116f8ba8b648986e640ed934b41) Importer(815301076,1909f56bfc062723c751e8b465ee728b)
Start importing Assets/D20/D6.fbx using Guid(c4a7f116f8ba8b648986e640ed934b41) Importer(815301076,1909f56bfc062723c751e8b465ee728b)  -> (artifact id: 'e94378999a6c79ad5fe376f011225d97') in 0.033066 seconds 
========================================================================
Received Import Request.
  Time since last request: 115.451811 seconds.
  path: Assets/D20/D6Orange.png
  artifactKey: Guid(2f56e328b6335bb44a8d53cacff132a1) Importer(815301076,1909f56bfc062723c751e8b465ee728b)
Start importing Assets/D20/D6Orange.png using Guid(2f56e328b6335bb44a8d53cacff132a1) Importer(815301076,1909f56bfc062723c751e8b465ee728b)  -> (artifact id: 'f0701465011451c3060b69eafdac824a') in 0.044997 seconds 
========================================================================
Received Import Request.
  Time since last request: 13.767468 seconds.
  path: Assets/D20/D6.mat
  artifactKey: Guid(402de8fb644037f4bbb129c5043f300e) Importer(815301076,1909f56bfc062723c751e8b465ee728b)
Start importing Assets/D20/D6.mat using Guid(402de8fb644037f4bbb129c5043f300e) Importer(815301076,1909f56bfc062723c751e8b465ee728b)  -> (artifact id: 'c2e953d032c3f20aacddb8afcb8cd5e6') in 0.022890 seconds 
========================================================================
Received Import Request.
  Time since last request: 12.416654 seconds.
  path: Assets/D20/D6Orange 1.png
  artifactKey: Guid(8c6365fc4add4694fa411a8781b58435) Importer(815301076,1909f56bfc062723c751e8b465ee728b)
Start importing Assets/D20/D6Orange 1.png using Guid(8c6365fc4add4694fa411a8781b58435) Importer(815301076,1909f56bfc062723c751e8b465ee728b)  -> (artifact id: '738b237bd6b192bf7596c1970bceb7b1') in 0.024888 seconds 
========================================================================
Received Import Request.
  Time since last request: 10.625798 seconds.
  path: Assets/JMO Assets/Cartoon FX (legacy)/Materials/Animated/CFX2_Anim_Bat Multiply.mat
  artifactKey: Guid(653d8478f72eda9478f558c843ccb9f7) Importer(815301076,1909f56bfc062723c751e8b465ee728b)
Start importing Assets/JMO Assets/Cartoon FX (legacy)/Materials/Animated/CFX2_Anim_Bat Multiply.mat using Guid(653d8478f72eda9478f558c843ccb9f7) Importer(815301076,1909f56bfc062723c751e8b465ee728b)  -> (artifact id: 'c6f565363d366c67547ab3f6b5cf648c') in 0.091284 seconds 
========================================================================
Received Import Request.
  Time since last request: 0.000261 seconds.
  path: Assets/JMO Assets/Cartoon FX (legacy)/Materials/Blood/CFX2_Blood AB.mat
  artifactKey: Guid(cfeb0e44c6f4bc34086102e1a7ace033) Importer(815301076,1909f56bfc062723c751e8b465ee728b)
Start importing Assets/JMO Assets/Cartoon FX (legacy)/Materials/Blood/CFX2_Blood AB.mat using Guid(cfeb0e44c6f4bc34086102e1a7ace033) Importer(815301076,1909f56bfc062723c751e8b465ee728b)  -> (artifact id: 'd827818a843d9ab1563e87a0db4c0f39') in 0.052999 seconds 
========================================================================
Received Import Request.
  Time since last request: 0.000215 seconds.
  path: Assets/JMO Assets/Cartoon FX (legacy)/Materials/Misc/CFX2_Glow.mat
  artifactKey: Guid(b479681f08574fd4188237f92866cbac) Importer(815301076,1909f56bfc062723c751e8b465ee728b)
Start importing Assets/JMO Assets/Cartoon FX (legacy)/Materials/Misc/CFX2_Glow.mat using Guid(b479681f08574fd4188237f92866cbac) Importer(815301076,1909f56bfc062723c751e8b465ee728b)  -> (artifact id: '6b89a2744327373f5a170c46badacb2f') in 0.053804 seconds 
========================================================================
Received Import Request.
  Time since last request: 0.000187 seconds.
  path: Assets/JMO Assets/Cartoon FX (legacy)/Materials/Symbols/CFX2_BrokenHeart Add.mat
  artifactKey: Guid(53d0980ae6a0d2f4290706eb595fa872) Importer(815301076,1909f56bfc062723c751e8b465ee728b)
Start importing Assets/JMO Assets/Cartoon FX (legacy)/Materials/Symbols/CFX2_BrokenHeart Add.mat using Guid(53d0980ae6a0d2f4290706eb595fa872) Importer(815301076,1909f56bfc062723c751e8b465ee728b)  -> (artifact id: '241fc0cd136ab93dca88db655b63779e') in 0.051449 seconds 
========================================================================
Received Import Request.
  Time since last request: 0.000149 seconds.
  path: Assets/JMO Assets/Cartoon FX (legacy)/Materials/Symbols/CFX2_Diamond Add.mat
  artifactKey: Guid(a9b550a3d81ca7845b9fb15672984986) Importer(815301076,1909f56bfc062723c751e8b465ee728b)
Start importing Assets/JMO Assets/Cartoon FX (legacy)/Materials/Symbols/CFX2_Diamond Add.mat using Guid(a9b550a3d81ca7845b9fb15672984986) Importer(815301076,1909f56bfc062723c751e8b465ee728b)  -> (artifact id: '6910420b58dfecca22b6b8f75f863ebb') in 0.051264 seconds 
========================================================================
Received Import Request.
  Time since last request: 0.000194 seconds.
  path: Assets/JMO Assets/Cartoon FX (legacy)/Materials/Symbols/CFX2_Diamond Outline Add.mat
  artifactKey: Guid(116dd40afacd54e45a3e276d2c361ef6) Importer(815301076,1909f56bfc062723c751e8b465ee728b)
Start importing Assets/JMO Assets/Cartoon FX (legacy)/Materials/Symbols/CFX2_Diamond Outline Add.mat using Guid(116dd40afacd54e45a3e276d2c361ef6) Importer(815301076,1909f56bfc062723c751e8b465ee728b)  -> (artifact id: '465c1c8c1ce895499ecda3cf2fb0cb03') in 0.053759 seconds 
========================================================================
Received Import Request.
  Time since last request: 0.000149 seconds.
  path: Assets/JMO Assets/Cartoon FX (legacy)/Materials/Stretched/CFX2_Faded Ray.mat
  artifactKey: Guid(628acb7f048d3594fa40568f2a69c3e2) Importer(815301076,1909f56bfc062723c751e8b465ee728b)
Start importing Assets/JMO Assets/Cartoon FX (legacy)/Materials/Stretched/CFX2_Faded Ray.mat using Guid(628acb7f048d3594fa40568f2a69c3e2) Importer(815301076,1909f56bfc062723c751e8b465ee728b)  -> (artifact id: '68a34577aa2a8cf177bdcf97d763f8f3') in 0.025752 seconds 
========================================================================
Received Import Request.
  Time since last request: 0.000194 seconds.
  path: Assets/JMO Assets/Cartoon FX (legacy)/Materials/Misc/CFX2_Debris_SmallRocks AB 4Frames.mat
  artifactKey: Guid(d5510d53a0740714d8094e9574e424fe) Importer(815301076,1909f56bfc062723c751e8b465ee728b)
Start importing Assets/JMO Assets/Cartoon FX (legacy)/Materials/Misc/CFX2_Debris_SmallRocks AB 4Frames.mat using Guid(d5510d53a0740714d8094e9574e424fe) Importer(815301076,1909f56bfc062723c751e8b465ee728b)  -> (artifact id: 'c5fa58a89348055a6b84b37159569c91') in 0.052216 seconds 
========================================================================
Received Import Request.
  Time since last request: 1.571259 seconds.
  path: Assets/JMO Assets/Cartoon FX (legacy)/Materials/Symbols/CFX2_Heart Add.mat
  artifactKey: Guid(c6c72eb3fd1471c489daf719f70f62aa) Importer(815301076,1909f56bfc062723c751e8b465ee728b)
Start importing Assets/JMO Assets/Cartoon FX (legacy)/Materials/Symbols/CFX2_Heart Add.mat using Guid(c6c72eb3fd1471c489daf719f70f62aa) Importer(815301076,1909f56bfc062723c751e8b465ee728b)  -> (artifact id: 'dd6ba387a31c496e8efa5a2a3873522d') in 0.048368 seconds 
========================================================================
Received Import Request.
  Time since last request: 0.000375 seconds.
  path: Assets/JMO Assets/Cartoon FX (legacy)/Materials/Symbols/CFX2_Heart Outline Add.mat
  artifactKey: Guid(749ea6f567709834fbe474b44674e1ed) Importer(815301076,1909f56bfc062723c751e8b465ee728b)
Start importing Assets/JMO Assets/Cartoon FX (legacy)/Materials/Symbols/CFX2_Heart Outline Add.mat using Guid(749ea6f567709834fbe474b44674e1ed) Importer(815301076,1909f56bfc062723c751e8b465ee728b)  -> (artifact id: '2e3d5393150a19643d2df571ed39776e') in 0.049625 seconds 
========================================================================
Received Import Request.
  Time since last request: 181.475213 seconds.
  path: Assets/D20/D6Numbered.fbx
  artifactKey: Guid(c2451d301a1b2984aa152ad944425055) Importer(815301076,1909f56bfc062723c751e8b465ee728b)
Start importing Assets/D20/D6Numbered.fbx using Guid(c2451d301a1b2984aa152ad944425055) Importer(815301076,1909f56bfc062723c751e8b465ee728b)  -> (artifact id: '2cb75a2d5b4d7737fda1822dc4fd6691') in 0.045103 seconds 
========================================================================
Received Import Request.
  Time since last request: 52.335559 seconds.
  path: Assets/D20/D6Numbered.fbx
  artifactKey: Guid(c2451d301a1b2984aa152ad944425055) Importer(815301076,1909f56bfc062723c751e8b465ee728b)
Start importing Assets/D20/D6Numbered.fbx using Guid(c2451d301a1b2984aa152ad944425055) Importer(815301076,1909f56bfc062723c751e8b465ee728b)  -> (artifact id: '1f5e6bea96e3f7e0058e4d253de0f7d3') in 0.035496 seconds 
========================================================================
Received Import Request.
  Time since last request: 67.012430 seconds.
  path: Assets/D20/D6Numbered.fbx
  artifactKey: Guid(c2451d301a1b2984aa152ad944425055) Importer(815301076,1909f56bfc062723c751e8b465ee728b)
Start importing Assets/D20/D6Numbered.fbx using Guid(c2451d301a1b2984aa152ad944425055) Importer(815301076,1909f56bfc062723c751e8b465ee728b)  -> (artifact id: 'f5e0324c74ba470fffc0b56e9c95ddeb') in 0.027149 seconds 
========================================================================
Received Import Request.
  Time since last request: 55.885924 seconds.
  path: Assets/D20/d6.dae
  artifactKey: Guid(7b8d931a960414840ae6b55f5ec5039d) Importer(815301076,1909f56bfc062723c751e8b465ee728b)
Start importing Assets/D20/d6.dae using Guid(7b8d931a960414840ae6b55f5ec5039d) Importer(815301076,1909f56bfc062723c751e8b465ee728b)  -> (artifact id: '92d5028a5b1ea1d5c2eb810e82148757') in 0.026771 seconds 
========================================================================
Received Import Request.
  Time since last request: 182.861638 seconds.
  path: Assets/D20/D6Numbered.fbx
  artifactKey: Guid(c2451d301a1b2984aa152ad944425055) Importer(815301076,1909f56bfc062723c751e8b465ee728b)
Start importing Assets/D20/D6Numbered.fbx using Guid(c2451d301a1b2984aa152ad944425055) Importer(815301076,1909f56bfc062723c751e8b465ee728b)  -> (artifact id: 'e8552371483fce46e1ae52d924962678') in 0.028165 seconds 
========================================================================
Received Import Request.
  Time since last request: 34.892155 seconds.
  path: Assets/D20/d6_Numbers.png
  artifactKey: Guid(d546918364d2cde4ab4d73253a23b01c) Importer(815301076,1909f56bfc062723c751e8b465ee728b)
Start importing Assets/D20/d6_Numbers.png using Guid(d546918364d2cde4ab4d73253a23b01c) Importer(815301076,1909f56bfc062723c751e8b465ee728b)  -> (artifact id: '4e815b03ba37db047e7d0645323ad49f') in 0.030312 seconds 
========================================================================
Received Import Request.
  Time since last request: 0.000255 seconds.
  path: Assets/D20/D6Numbered.fbx
  artifactKey: Guid(c2451d301a1b2984aa152ad944425055) Importer(815301076,1909f56bfc062723c751e8b465ee728b)
Start importing Assets/D20/D6Numbered.fbx using Guid(c2451d301a1b2984aa152ad944425055) Importer(815301076,1909f56bfc062723c751e8b465ee728b)  -> (artifact id: '25f6aae6d12804bd596a7630b26cf865') in 0.033631 seconds 
========================================================================
Received Import Request.
  Time since last request: 15.880014 seconds.
  path: Assets/D20/D6Numbered Variant.prefab
  artifactKey: Guid(2c0b5467c770c284380ac9267ba30494) Importer(815301076,1909f56bfc062723c751e8b465ee728b)
Start importing Assets/D20/D6Numbered Variant.prefab using Guid(2c0b5467c770c284380ac9267ba30494) Importer(815301076,1909f56bfc062723c751e8b465ee728b)  -> (artifact id: '0b7923c8e54f626a89ffb5b468d8aad8') in 0.026009 seconds 
========================================================================
Received Import Request.
  Time since last request: 12.252575 seconds.
  path: Assets/D20/D6Numbered Variant.prefab
  artifactKey: Guid(2c0b5467c770c284380ac9267ba30494) Importer(815301076,1909f56bfc062723c751e8b465ee728b)
Start importing Assets/D20/D6Numbered Variant.prefab using Guid(2c0b5467c770c284380ac9267ba30494) Importer(815301076,1909f56bfc062723c751e8b465ee728b)  -> (artifact id: '2986751649ed3b217008e6b20f036126') in 0.010222 seconds 
========================================================================
Received Import Request.
  Time since last request: 1.474291 seconds.
  path: Assets/D20/D6Numbered Variant.prefab
  artifactKey: Guid(2c0b5467c770c284380ac9267ba30494) Importer(815301076,1909f56bfc062723c751e8b465ee728b)
Start importing Assets/D20/D6Numbered Variant.prefab using Guid(2c0b5467c770c284380ac9267ba30494) Importer(815301076,1909f56bfc062723c751e8b465ee728b)  -> (artifact id: '4eb979ed50305b79253ec63978838d05') in 0.011495 seconds 
========================================================================
Received Import Request.
  Time since last request: 2.811432 seconds.
  path: Assets/D20/D6Numbered Variant.prefab
  artifactKey: Guid(2c0b5467c770c284380ac9267ba30494) Importer(815301076,1909f56bfc062723c751e8b465ee728b)
Start importing Assets/D20/D6Numbered Variant.prefab using Guid(2c0b5467c770c284380ac9267ba30494) Importer(815301076,1909f56bfc062723c751e8b465ee728b)  -> (artifact id: '55a5d53b7cf1fa4615c996d515f73e3f') in 0.008924 seconds 
========================================================================
Received Import Request.
  Time since last request: 6.386809 seconds.
  path: Assets/D20/D6Numbered Variant.prefab
  artifactKey: Guid(2c0b5467c770c284380ac9267ba30494) Importer(815301076,1909f56bfc062723c751e8b465ee728b)
Start importing Assets/D20/D6Numbered Variant.prefab using Guid(2c0b5467c770c284380ac9267ba30494) Importer(815301076,1909f56bfc062723c751e8b465ee728b)  -> (artifact id: 'da9a56447967e2875f2d2510ce978d2b') in 0.008968 seconds 
========================================================================
Received Import Request.
  Time since last request: 3.692189 seconds.
  path: Assets/D20/D6Numbered Variant.prefab
  artifactKey: Guid(2c0b5467c770c284380ac9267ba30494) Importer(815301076,1909f56bfc062723c751e8b465ee728b)
Start importing Assets/D20/D6Numbered Variant.prefab using Guid(2c0b5467c770c284380ac9267ba30494) Importer(815301076,1909f56bfc062723c751e8b465ee728b)  -> (artifact id: 'f6434c289277e58c680a17696563a0b9') in 0.012120 seconds 
========================================================================
Received Import Request.
  Time since last request: 2.224288 seconds.
  path: Assets/D20/D6Numbered Variant.prefab
  artifactKey: Guid(2c0b5467c770c284380ac9267ba30494) Importer(815301076,1909f56bfc062723c751e8b465ee728b)
Start importing Assets/D20/D6Numbered Variant.prefab using Guid(2c0b5467c770c284380ac9267ba30494) Importer(815301076,1909f56bfc062723c751e8b465ee728b)  -> (artifact id: '04fa2521e32adedeed77d24594b30d3d') in 0.009079 seconds 
========================================================================
Received Import Request.
  Time since last request: 7.026513 seconds.
  path: Assets/D20/D6Numbered Variant.prefab
  artifactKey: Guid(2c0b5467c770c284380ac9267ba30494) Importer(815301076,1909f56bfc062723c751e8b465ee728b)
Start importing Assets/D20/D6Numbered Variant.prefab using Guid(2c0b5467c770c284380ac9267ba30494) Importer(815301076,1909f56bfc062723c751e8b465ee728b)  -> (artifact id: 'e1c12a0534d3a567eda0112f2bd199ea') in 0.009945 seconds 
========================================================================
Received Import Request.
  Time since last request: 90.980449 seconds.
  path: Assets/JMO Assets/Cartoon FX Remaster/CFXR Prefabs/Liquids/CFXR Water Splash (Smaller).prefab
  artifactKey: Guid(326e86d5729c54e479798cacab220bb2) Importer(815301076,1909f56bfc062723c751e8b465ee728b)
Start importing Assets/JMO Assets/Cartoon FX Remaster/CFXR Prefabs/Liquids/CFXR Water Splash (Smaller).prefab using Guid(326e86d5729c54e479798cacab220bb2) Importer(815301076,1909f56bfc062723c751e8b465ee728b)  -> (artifact id: '6bee909df92bacc1ba434c76ba05c256') in 0.142048 seconds 
========================================================================
Received Import Request.
  Time since last request: 160.498459 seconds.
  path: Packages/com.unity.services.core/Editor/Core/UiHelpers/UXML/AccessTokenError.uxml
  artifactKey: Guid(9bbe9fb6e9537684cac89a4e82cf3d63) Importer(815301076,1909f56bfc062723c751e8b465ee728b)
Start importing Packages/com.unity.services.core/Editor/Core/UiHelpers/UXML/AccessTokenError.uxml using Guid(9bbe9fb6e9537684cac89a4e82cf3d63) Importer(815301076,1909f56bfc062723c751e8b465ee728b)  -> (artifact id: '881d24b4bf639c31750a596702c9d503') in 0.040047 seconds 
========================================================================
Received Prepare
Registering precompiled user dll's ...
Registered in 0.016075 seconds.
Begin MonoManager ReloadAssembly
Native extension for WindowsStandalone target not found
Refreshing native plugins compatible for Editor in 1.02 ms, found 2 plugins.
Preloading 0 native plugins for Editor in 0.00 ms.
Mono: successfully reloaded assembly
- Completed reload, in  1.418 seconds
Domain Reload Profiling:
	ReloadAssembly (1419ms)
		BeginReloadAssembly (182ms)
			ExecutionOrderSort (0ms)
			DisableScriptedObjects (4ms)
			BackupInstance (0ms)
			ReleaseScriptingObjects (0ms)
			CreateAndSetChildDomain (74ms)
		EndReloadAssembly (1178ms)
			LoadAssemblies (177ms)
			RebuildTransferFunctionScriptingTraits (0ms)
			SetupTypeCache (323ms)
			ReleaseScriptCaches (2ms)
			RebuildScriptCaches (45ms)
			SetupLoadedEditorAssemblies (548ms)
				LogAssemblyErrors (0ms)
				InitializePlatformSupportModulesInManaged (6ms)
				SetLoadedEditorAssemblies (1ms)
				RefreshPlugins (1ms)
				BeforeProcessingInitializeOnLoad (104ms)
				ProcessInitializeOnLoadAttributes (398ms)
				ProcessInitializeOnLoadMethodAttributes (36ms)
				AfterProcessingInitializeOnLoad (2ms)
				EditorAssembliesLoaded (0ms)
			ExecutionOrderSort2 (0ms)
			AwakeInstancesAfterBackupRestoration (5ms)
Platform modules already initialized, skipping
Refreshing native plugins compatible for Editor in 1.39 ms, found 2 plugins.
Preloading 0 native plugins for Editor in 0.00 ms.
Unloading 1645 Unused Serialized files (Serialized files now loaded: 0)
System memory in use before: 78.9 MB.
System memory in use after: 79.0 MB.

Unloading 36 unused Assets to reduce memory usage. Loaded Objects now: 2202.
Total: 28.996100 ms (FindLiveObjects: 0.146700 ms CreateObjectMapping: 0.056700 ms MarkObjects: 28.740500 ms  DeleteObjects: 0.050500 ms)

AssetImportParameters requested are different than current active one (requested -> active):
  custom:framework-win-MediaFoundation: 216162199b28c13a410421893ffa2e32 -> 
  custom:video-decoder-ogg-theora: a1e56fd34408186e4bbccfd4996cb3dc -> 
  custom:container-muxer-webm: aa71ff27fc2769a1b78a27578f13a17b -> 
  custom:container-demuxer-webm: 4f35f7cbe854078d1ac9338744f61a02 -> 
  custom:container-demuxer-ogg: 62fdf1f143b41e24485cea50d1cbac27 -> 
  custom:video-encoder-webm-vp8: eb34c28f22e8b96e1ab97ce403110664 -> 
  custom:video-codec-MediaFoundation-h265: 746d11721c4dcdbdad8f713fa42b33f4 -> 
  custom:video-decoder-webm-vp8: 9c59270c3fd7afecdb556c50c9e8de78 -> 
  custom:audio-decoder-ogg-vorbis: bf7c407c2cedff20999df2af8eb42d56 -> 
  custom:audio-encoder-webm-vorbis: bf7c407c2cedff20999df2af8eb42d56 -> 
========================================================================
Received Prepare
Registering precompiled user dll's ...
Registered in 0.004462 seconds.
Begin MonoManager ReloadAssembly
Native extension for WindowsStandalone target not found
Refreshing native plugins compatible for Editor in 0.78 ms, found 2 plugins.
Preloading 0 native plugins for Editor in 0.00 ms.
Mono: successfully reloaded assembly
- Completed reload, in  0.799 seconds
Domain Reload Profiling:
	ReloadAssembly (799ms)
		BeginReloadAssembly (100ms)
			ExecutionOrderSort (0ms)
			DisableScriptedObjects (3ms)
			BackupInstance (0ms)
			ReleaseScriptingObjects (0ms)
			CreateAndSetChildDomain (40ms)
		EndReloadAssembly (662ms)
			LoadAssemblies (71ms)
			RebuildTransferFunctionScriptingTraits (0ms)
			SetupTypeCache (211ms)
			ReleaseScriptCaches (1ms)
			RebuildScriptCaches (22ms)
			SetupLoadedEditorAssemblies (300ms)
				LogAssemblyErrors (0ms)
				InitializePlatformSupportModulesInManaged (4ms)
				SetLoadedEditorAssemblies (1ms)
				RefreshPlugins (1ms)
				BeforeProcessingInitializeOnLoad (52ms)
				ProcessInitializeOnLoadAttributes (216ms)
				ProcessInitializeOnLoadMethodAttributes (25ms)
				AfterProcessingInitializeOnLoad (2ms)
				EditorAssembliesLoaded (0ms)
			ExecutionOrderSort2 (0ms)
			AwakeInstancesAfterBackupRestoration (4ms)
Platform modules already initialized, skipping
Refreshing native plugins compatible for Editor in 0.43 ms, found 2 plugins.
Preloading 0 native plugins for Editor in 0.00 ms.
Unloading 1645 Unused Serialized files (Serialized files now loaded: 0)
System memory in use before: 79.0 MB.
System memory in use after: 79.1 MB.

Unloading 35 unused Assets to reduce memory usage. Loaded Objects now: 2204.
Total: 12.556900 ms (FindLiveObjects: 0.181800 ms CreateObjectMapping: 0.049000 ms MarkObjects: 12.296500 ms  DeleteObjects: 0.028300 ms)

AssetImportParameters requested are different than current active one (requested -> active):
  custom:framework-win-MediaFoundation: 216162199b28c13a410421893ffa2e32 -> 
  custom:video-decoder-ogg-theora: a1e56fd34408186e4bbccfd4996cb3dc -> 
  custom:container-muxer-webm: aa71ff27fc2769a1b78a27578f13a17b -> 
  custom:container-demuxer-webm: 4f35f7cbe854078d1ac9338744f61a02 -> 
  custom:container-demuxer-ogg: 62fdf1f143b41e24485cea50d1cbac27 -> 
  custom:video-encoder-webm-vp8: eb34c28f22e8b96e1ab97ce403110664 -> 
  custom:video-codec-MediaFoundation-h265: 746d11721c4dcdbdad8f713fa42b33f4 -> 
  custom:video-decoder-webm-vp8: 9c59270c3fd7afecdb556c50c9e8de78 -> 
  custom:audio-decoder-ogg-vorbis: bf7c407c2cedff20999df2af8eb42d56 -> 
  custom:audio-encoder-webm-vorbis: bf7c407c2cedff20999df2af8eb42d56 -> 
AssetImportWorkerClient::OnTransportError - code=2 error=End of file
